<?xml version="1.0" encoding="UTF-8"?>
<!-- Generated by org.testng.reporters.JUnitReportReporter -->
<testsuite skipped="0" hostname="DESKTOP-5012LI8" name="com.crm.qa.testdata.LoginPageTest" tests="3" failures="0" timestamp="15 Feb 2019 06:12:00 GMT" time="35.576" errors="0">
  <testcase name="Validatelogintitletest" time="9.607" classname="com.crm.qa.testdata.LoginPageTest"/>
  <testcase name="ValidateCrmlogotest" time="9.106" classname="com.crm.qa.testdata.LoginPageTest"/>
  <testcase name="logintest" time="16.863" classname="com.crm.qa.testdata.LoginPageTest"/>
</testsuite> <!-- com.crm.qa.testdata.LoginPageTest -->
