<?xml version="1.0" encoding="UTF-8"?>
<!-- Generated by org.testng.reporters.JUnitReportReporter -->
<testsuite skipped="0" hostname="DESKTOP-5012LI8" name="com.crm.qa.testdata.HomePageTest" tests="2" failures="0" timestamp="14 Feb 2019 20:13:47 GMT" time="4.050" errors="0">
  <testcase name="clickcontacttest" time="3.992" classname="com.crm.qa.testdata.HomePageTest"/>
  <testcase name="validateContactslinkTest" time="0.058" classname="com.crm.qa.testdata.HomePageTest"/>
</testsuite> <!-- com.crm.qa.testdata.HomePageTest -->
